<?xml version="1.0" encoding="UTF-8"?>
<testsuite xmlns:xsi="http://www.w3.org/2001/XMLSchema-instance" xsi:noNamespaceSchemaLocation="https://maven.apache.org/surefire/maven-surefire-plugin/xsd/surefire-test-report.xsd" name="blog.BlogApplicationTests" time="0.479" tests="1" errors="1" skipped="0" failures="0">
  <properties>
[...]
</properties>
  <testcase name="initializationError" classname="blog.BlogApplicationTests" time="0.009">
    <error message="Unable to find a @SpringBootConfiguration, you need to use @ContextConfiguration or @SpringBootTest(classes=...) with your test" type="java.lang.IllegalStateException">java.lang.IllegalStateException: Unable to find a @SpringBootConfiguration, you need to use @ContextConfiguration or @SpringBootTest(classes=...) with your test
</error>
    <system-out><![CDATA[23:55:14.054 [main] DEBUG org.springframework.test.context.junit4.SpringJUnit4ClassRunner - SpringJUnit4ClassRunner constructor called with [class blog.BlogApplicationTests]
23:55:14.061 [main] DEBUG org.springframework.test.context.BootstrapUtils - Instantiating CacheAwareContextLoaderDelegate from class [org.springframework.test.context.cache.DefaultCacheAwareContextLoaderDelegate]
23:55:14.074 [main] DEBUG org.springframework.test.context.BootstrapUtils - Instantiating BootstrapContext using constructor [public org.springframework.test.context.support.DefaultBootstrapContext(java.lang.Class,org.springframework.test.context.CacheAwareContextLoaderDelegate)]
23:55:14.106 [main] DEBUG org.springframework.test.context.BootstrapUtils - Instantiating TestContextBootstrapper for test class [blog.BlogApplicationTests] from class [org.springframework.boot.test.context.SpringBootTestContextBootstrapper]
23:55:14.124 [main] INFO org.springframework.boot.test.context.SpringBootTestContextBootstrapper - Neither @ContextConfiguration nor @ContextHierarchy found for test class [blog.BlogApplicationTests], using SpringBootContextLoader
23:55:14.133 [main] DEBUG org.springframework.test.context.support.AbstractContextLoader - Did not detect default resource location for test class [blog.BlogApplicationTests]: class path resource [blog/BlogApplicationTests-context.xml] does not exist
23:55:14.134 [main] DEBUG org.springframework.test.context.support.AbstractContextLoader - Did not detect default resource location for test class [blog.BlogApplicationTests]: class path resource [blog/BlogApplicationTestsContext.groovy] does not exist
23:55:14.135 [main] INFO org.springframework.test.context.support.AbstractContextLoader - Could not detect default resource locations for test class [blog.BlogApplicationTests]: no resource found for suffixes {-context.xml, Context.groovy}.
23:55:14.136 [main] INFO org.springframework.test.context.support.AnnotationConfigContextLoaderUtils - Could not detect default configuration classes for test class [blog.BlogApplicationTests]: BlogApplicationTests does not declare any static, non-private, non-final, nested classes annotated with @Configuration.
23:55:14.200 [main] DEBUG org.springframework.test.context.support.ActiveProfilesUtils - Could not find an 'annotation declaring class' for annotation type [org.springframework.test.context.ActiveProfiles] and class [blog.BlogApplicationTests]
]]></system-out>
  </testcase>
</testsuite>